\BOOKMARK [1][-]{section.1}{Introduction \( 5\045 of total words\)}{}% 1
\BOOKMARK [1][-]{section.2}{Project description \( 10\045 of total words\) }{}% 2
\BOOKMARK [2][-]{subsection.2.1}{Domains}{section.2}% 3
\BOOKMARK [3][-]{subsubsection.2.1.1}{Scientific domain}{subsection.2.1}% 4
\BOOKMARK [3][-]{subsubsection.2.1.2}{Technical domains}{subsection.2.1}% 5
\BOOKMARK [2][-]{subsection.2.2}{Targeted Deliverables}{section.2}% 6
\BOOKMARK [3][-]{subsubsection.2.2.1}{Scientific deliverables}{subsection.2.2}% 7
\BOOKMARK [3][-]{subsubsection.2.2.2}{Technical deliverables}{subsection.2.2}% 8
\BOOKMARK [1][-]{section.3}{Pre-requisites \([5\045..10\045] of total words\)}{}% 9
\BOOKMARK [2][-]{subsection.3.1}{Scientific pre-requisites}{section.3}% 10
\BOOKMARK [3][-]{subsubsection.3.1.1}{Proof}{subsection.3.1}% 11
\BOOKMARK [3][-]{subsubsection.3.1.2}{Natural deduction}{subsection.3.1}% 12
\BOOKMARK [3][-]{subsubsection.3.1.3}{Unit testing}{subsection.3.1}% 13
\BOOKMARK [2][-]{subsection.3.2}{Technical pre-requisites}{section.3}% 14
\BOOKMARK [3][-]{subsubsection.3.2.1}{Python[2]}{subsection.3.2}% 15
\BOOKMARK [1][-]{section.4}{ A Scientific Deliverable 1}{}% 16
\BOOKMARK [2][-]{subsection.4.1}{Requirements \( 15\045 of section's words\)}{section.4}% 17
\BOOKMARK [2][-]{subsection.4.2}{Design \( 30\045 of section's words\)}{section.4}% 18
\BOOKMARK [2][-]{subsection.4.3}{Production \( 40\045 of section's words\)}{section.4}% 19
\BOOKMARK [2][-]{subsection.4.4}{Assessment \( 15\045 of section's words\)}{section.4}% 20
\BOOKMARK [1][-]{section.5}{ A Technical Deliverable 1}{}% 21
\BOOKMARK [2][-]{subsection.5.1}{Requirements \( 15\045 of section's words\)}{section.5}% 22
\BOOKMARK [3][-]{subsubsection.5.1.1}{Front-end}{subsection.5.1}% 23
\BOOKMARK [2][-]{subsection.5.2}{Front-end non-functional requirements}{section.5}% 24
\BOOKMARK [2][-]{subsection.5.3}{Back-end}{section.5}% 25
\BOOKMARK [2][-]{subsection.5.4}{Back-end functional requirements}{section.5}% 26
\BOOKMARK [2][-]{subsection.5.5}{Back-end non-functional requirements}{section.5}% 27
\BOOKMARK [2][-]{subsection.5.6}{Design \( 30\045 of section's words\)}{section.5}% 28
\BOOKMARK [2][-]{subsection.5.7}{Project creation}{section.5}% 29
\BOOKMARK [2][-]{subsection.5.8}{Graphical User Interface}{section.5}% 30
\BOOKMARK [2][-]{subsection.5.9}{Django structure}{section.5}% 31
\BOOKMARK [2][-]{subsection.5.10}{Configuration}{section.5}% 32
\BOOKMARK [2][-]{subsection.5.11}{Development}{section.5}% 33
\BOOKMARK [2][-]{subsection.5.12}{models.py}{section.5}% 34
\BOOKMARK [2][-]{subsection.5.13}{views.py}{section.5}% 35
\BOOKMARK [2][-]{subsection.5.14}{urls.py}{section.5}% 36
\BOOKMARK [2][-]{subsection.5.15}{stats.py}{section.5}% 37
\BOOKMARK [2][-]{subsection.5.16}{Production \( 40\045 of section's words\)}{section.5}% 38
\BOOKMARK [3][-]{subsubsection.5.16.1}{Front-end deliverable}{subsection.5.16}% 39
\BOOKMARK [3][-]{subsubsection.5.16.2}{Home page}{subsection.5.16}% 40
\BOOKMARK [3][-]{subsubsection.5.16.3}{About Software page}{subsection.5.16}% 41
\BOOKMARK [3][-]{subsubsection.5.16.4}{Plots page}{subsection.5.16}% 42
\BOOKMARK [3][-]{subsubsection.5.16.5}{Statistic page}{subsection.5.16}% 43
\BOOKMARK [3][-]{subsubsection.5.16.6}{Back-end deliverable}{subsection.5.16}% 44
\BOOKMARK [3][-]{subsubsection.5.16.7}{models.py module}{subsection.5.16}% 45
\BOOKMARK [3][-]{subsubsection.5.16.8}{stats.py module}{subsection.5.16}% 46
\BOOKMARK [3][-]{subsubsection.5.16.9}{views.py module}{subsection.5.16}% 47
\BOOKMARK [3][-]{subsubsection.5.16.10}{urls.py}{subsection.5.16}% 48
\BOOKMARK [3][-]{subsubsection.5.16.11}{Project on AWS}{subsection.5.16}% 49
\BOOKMARK [2][-]{subsection.5.17}{Assessment}{section.5}% 50
\BOOKMARK [3][-]{subsubsection.5.17.1}{Front-end deliverable}{subsection.5.17}% 51
\BOOKMARK [2][-]{subsection.5.18}{Assessment \( 15\045 of section's words\)}{section.5}% 52
\BOOKMARK [1][-]{section.6}{Conclusion}{}% 53
\BOOKMARK [1][-]{section.6}{References}{}% 54
\BOOKMARK [1][-]{section.7}{Appendix}{}% 55
