This is pdfTeX, Version 3.14159265-2.6-1.40.20 (MiKTeX 2.9.7250 64-bit) (preloaded format=pdflatex 2019.11.17)  16 DEC 2019 03:02
entering extended mode
**./LaTeX1.tex
(LaTeX1.tex
LaTeX2e <2019-10-01> patch level 3

("C:\Users\user\AppData\Local\Programs\MiKTeX 2.9\tex/latex/ieeetran\IEEEtran.c
ls"
Document Class: IEEEtran 2015/08/26 V1.8b by Michael Shell
-- See the "IEEEtran_HOWTO" manual for usage information.
-- http://www.michaelshell.org/tex/ieeetran/
\@IEEEtrantmpdimenA=\dimen102
\@IEEEtrantmpdimenB=\dimen103
\@IEEEtrantmpdimenC=\dimen104
\@IEEEtrantmpcountA=\count80
\@IEEEtrantmpcountB=\count81
\@IEEEtrantmpcountC=\count82
\@IEEEtrantmptoksA=\toks14
LaTeX Font Info:    Trying to load font information for OT1+ptm on input line 5
03.
("C:\Users\user\AppData\Local\Programs\MiKTeX 2.9\tex/latex/psnfss\ot1ptm.fd"
File: ot1ptm.fd 2001/06/04 font definitions for OT1/ptm.
)
-- Using IEEE Computer Society mode.
-- Using 8.5in x 11in (letter) paper.
-- Using PDF output.
\@IEEEnormalsizeunitybaselineskip=\dimen105
-- This is a 10 point document.
\CLASSINFOnormalsizebaselineskip=\dimen106
\CLASSINFOnormalsizeunitybaselineskip=\dimen107
\IEEEnormaljot=\dimen108
LaTeX Font Info:    Font shape `OT1/ptm/bx/n' in size <5.01874> not available
(Font)              Font shape `OT1/ptm/b/n' tried instead on input line 1090.
LaTeX Font Info:    Font shape `OT1/ptm/bx/it' in size <5.01874> not available
(Font)              Font shape `OT1/ptm/b/it' tried instead on input line 1090.

LaTeX Font Info:    Font shape `OT1/ptm/bx/n' in size <7.02625> not available
(Font)              Font shape `OT1/ptm/b/n' tried instead on input line 1090.
LaTeX Font Info:    Font shape `OT1/ptm/bx/it' in size <7.02625> not available
(Font)              Font shape `OT1/ptm/b/it' tried instead on input line 1090.

LaTeX Font Info:    Font shape `OT1/ptm/bx/n' in size <8.03> not available
(Font)              Font shape `OT1/ptm/b/n' tried instead on input line 1090.
LaTeX Font Info:    Font shape `OT1/ptm/bx/it' in size <8.03> not available
(Font)              Font shape `OT1/ptm/b/it' tried instead on input line 1090.

LaTeX Font Info:    Font shape `OT1/ptm/bx/n' in size <9.03374> not available
(Font)              Font shape `OT1/ptm/b/n' tried instead on input line 1090.
LaTeX Font Info:    Font shape `OT1/ptm/bx/it' in size <9.03374> not available
(Font)              Font shape `OT1/ptm/b/it' tried instead on input line 1090.

LaTeX Font Info:    Font shape `OT1/ptm/bx/n' in size <10.03749> not available
(Font)              Font shape `OT1/ptm/b/n' tried instead on input line 1090.
LaTeX Font Info:    Font shape `OT1/ptm/bx/it' in size <10.03749> not available

(Font)              Font shape `OT1/ptm/b/it' tried instead on input line 1090.

LaTeX Font Info:    Font shape `OT1/ptm/bx/n' in size <11.04124> not available
(Font)              Font shape `OT1/ptm/b/n' tried instead on input line 1090.
LaTeX Font Info:    Font shape `OT1/ptm/bx/it' in size <11.04124> not available

(Font)              Font shape `OT1/ptm/b/it' tried instead on input line 1090.

LaTeX Font Info:    Font shape `OT1/ptm/bx/n' in size <12.045> not available
(Font)              Font shape `OT1/ptm/b/n' tried instead on input line 1090.
LaTeX Font Info:    Font shape `OT1/ptm/bx/it' in size <12.045> not available
(Font)              Font shape `OT1/ptm/b/it' tried instead on input line 1090.

LaTeX Font Info:    Font shape `OT1/ptm/bx/n' in size <17.06374> not available
(Font)              Font shape `OT1/ptm/b/n' tried instead on input line 1090.
LaTeX Font Info:    Font shape `OT1/ptm/bx/it' in size <17.06374> not available

(Font)              Font shape `OT1/ptm/b/it' tried instead on input line 1090.

LaTeX Font Info:    Font shape `OT1/ptm/bx/n' in size <20.075> not available
(Font)              Font shape `OT1/ptm/b/n' tried instead on input line 1090.
LaTeX Font Info:    Font shape `OT1/ptm/bx/it' in size <20.075> not available
(Font)              Font shape `OT1/ptm/b/it' tried instead on input line 1090.

LaTeX Font Info:    Font shape `OT1/ptm/bx/n' in size <24.09> not available
(Font)              Font shape `OT1/ptm/b/n' tried instead on input line 1090.
LaTeX Font Info:    Font shape `OT1/ptm/bx/it' in size <24.09> not available
(Font)              Font shape `OT1/ptm/b/it' tried instead on input line 1090.

\IEEEquantizedlength=\dimen109
\IEEEquantizedlengthdiff=\dimen110
\IEEEquantizedtextheightdiff=\dimen111
\IEEEilabelindentA=\dimen112
\IEEEilabelindentB=\dimen113
\IEEEilabelindent=\dimen114
\IEEEelabelindent=\dimen115
\IEEEdlabelindent=\dimen116
\IEEElabelindent=\dimen117
\IEEEiednormlabelsep=\dimen118
\IEEEiedmathlabelsep=\dimen119
\IEEEiedtopsep=\skip41
\c@section=\count83
\c@subsection=\count84
\c@subsubsection=\count85
\c@paragraph=\count86
\c@IEEEsubequation=\count87
\abovecaptionskip=\skip42
\belowcaptionskip=\skip43
\c@figure=\count88
\c@table=\count89
\@IEEEeqnnumcols=\count90
\@IEEEeqncolcnt=\count91
\@IEEEsubeqnnumrollback=\count92
\@IEEEquantizeheightA=\dimen120
\@IEEEquantizeheightB=\dimen121
\@IEEEquantizeheightC=\dimen122
\@IEEEquantizeprevdepth=\dimen123
\@IEEEquantizemultiple=\count93
\@IEEEquantizeboxA=\box27
\@IEEEtmpitemindent=\dimen124
\IEEEPARstartletwidth=\dimen125
\c@IEEEbiography=\count94
\@IEEEtranrubishbin=\box28
)
("C:\Users\user\AppData\Local\Programs\MiKTeX 2.9\tex/latex/datetime\datetime.s
ty"
Package: datetime 2015/03/20 v2.60 Date Time Package

("C:\Users\user\AppData\Local\Programs\MiKTeX 2.9\tex/latex/etoolbox\etoolbox.s
ty"
Package: etoolbox 2019/09/21 v2.5h e-TeX tools for LaTeX (JAW)
\etb@tempcnta=\count95
)
("C:\Users\user\AppData\Local\Programs\MiKTeX 2.9\tex/latex/fmtcount\fmtcount.s
ty"
Package: fmtcount 2017/12/24 v3.05
 ("C:\Users\user\AppData\Local\Programs\MiKTeX 2.9\tex/latex/base\ifthen.sty"
Package: ifthen 2014/09/29 v1.1c Standard LaTeX ifthen package (DPC)
)
("C:\Users\user\AppData\Local\Programs\MiKTeX 2.9\tex/latex/xkeyval\xkeyval.sty
"
Package: xkeyval 2014/12/03 v2.7a package option processing (HA)

("C:\Users\user\AppData\Local\Programs\MiKTeX 2.9\tex/generic/xkeyval\xkeyval.t
ex"
("C:\Users\user\AppData\Local\Programs\MiKTeX 2.9\tex/generic/xkeyval\xkvutils.
tex"
\XKV@toks=\toks15
\XKV@tempa@toks=\toks16

("C:\Users\user\AppData\Local\Programs\MiKTeX 2.9\tex/generic/xkeyval\keyval.te
x"))
\XKV@depth=\count96
File: xkeyval.tex 2014/12/03 v2.7a key=value parser (HA)
))
("C:\Users\user\AppData\Local\Programs\MiKTeX 2.9\tex/latex/fmtcount\fcprefix.s
ty"
Package: fcprefix 2012/09/28

("C:\Users\user\AppData\Local\Programs\MiKTeX 2.9\tex/latex/fmtcount\fcnumparse
r.sty"
Package: fcnumparser 2017/06/15
\fc@digit@counter=\count97
))
("C:\Users\user\AppData\Local\Programs\MiKTeX 2.9\tex/latex/amsmath\amsgen.sty"
File: amsgen.sty 1999/11/30 v2.0 generic functions
\@emptytoks=\toks17
\ex@=\dimen126
)
\c@padzeroesN=\count98
\fc@tmpcatcode=\count99
\@DT@modctr=\count100
\@ordinalctr=\count101
\@orgargctr=\count102
\@strctr=\count103
\@tmpstrctr=\count104
\@DT@loopN=\count105
\@DT@X=\count106
)
("C:\Users\user\AppData\Local\Programs\MiKTeX 2.9\tex/latex/datetime\datetime-d
efaults.sty"
Package: datetime-defaults 2013/09/10
)
\@day=\count107
\@month=\count108
\@year=\count109
\c@HOUR=\count110
\c@HOURXII=\count111
\c@MINUTE=\count112
\c@TOHOUR=\count113
\c@TOMINUTE=\count114
\c@SECOND=\count115
\currenthour=\count116
\currentminute=\count117
\currentsecond=\count118
Package datetime Info: No datetime.cfg file found, using default settings on in
put line 308.
\@dtctr=\count119
\dayofyear=\count120
\dayofweek=\count121
LaTeX Info: Redefining \today on input line 736.
\dt@a=\toks18
\dt@b=\toks19
)
("C:\Users\user\AppData\Local\Programs\MiKTeX 2.9\tex/latex/cite\cite.sty"
LaTeX Info: Redefining \cite on input line 302.
LaTeX Info: Redefining \nocite on input line 332.
Package: cite 2015/02/27  v 5.5
)
("C:\Users\user\AppData\Local\Programs\MiKTeX 2.9\tex/latex/graphics\graphicx.s
ty"
Package: graphicx 2017/06/01 v1.1a Enhanced LaTeX Graphics (DPC,SPQR)

("C:\Users\user\AppData\Local\Programs\MiKTeX 2.9\tex/latex/graphics\graphics.s
ty"
Package: graphics 2019/11/01 v1.3d Standard LaTeX Graphics (DPC,SPQR)

("C:\Users\user\AppData\Local\Programs\MiKTeX 2.9\tex/latex/graphics\trig.sty"
Package: trig 2016/01/03 v1.10 sin cos tan (DPC)
)
("C:\Users\user\AppData\Local\Programs\MiKTeX 2.9\tex/latex/graphics-cfg\graphi
cs.cfg"
File: graphics.cfg 2016/06/04 v1.11 sample graphics configuration
)
Package graphics Info: Driver file: pdftex.def on input line 105.

("C:\Users\user\AppData\Local\Programs\MiKTeX 2.9\tex/latex/graphics-def\pdftex
.def"
File: pdftex.def 2018/01/08 v1.0l Graphics/color driver for pdftex
))
\Gin@req@height=\dimen127
\Gin@req@width=\dimen128
)
("C:\Users\user\AppData\Local\Programs\MiKTeX 2.9\tex/latex/hyperref\hyperref.s
ty"
Package: hyperref 2019/11/10 v7.00c Hypertext links for LaTeX

("C:\Users\user\AppData\Local\Programs\MiKTeX 2.9\tex/generic/oberdiek\ltxcmds.
sty"
Package: ltxcmds 2016/05/16 v1.23 LaTeX kernel commands for general use (HO)
)
("C:\Users\user\AppData\Local\Programs\MiKTeX 2.9\tex/generic/iftex\iftex.sty"
Package: iftex 2019/11/07 v1.0c TeX engine tests
)
("C:\Users\user\AppData\Local\Programs\MiKTeX 2.9\tex/generic/oberdiek\pdftexcm
ds.sty"
Package: pdftexcmds 2019/07/25 v0.30 Utility functions of pdfTeX for LuaTeX (HO
)

("C:\Users\user\AppData\Local\Programs\MiKTeX 2.9\tex/generic/oberdiek\infwarer
r.sty"
Package: infwarerr 2016/05/16 v1.4 Providing info/warning/error messages (HO)
)
("C:\Users\user\AppData\Local\Programs\MiKTeX 2.9\tex/generic/iftex\ifluatex.st
y"
Package: ifluatex 2019/10/25 v1.5 ifluatex legacy package. Use iftex instead.
)
("C:\Users\user\AppData\Local\Programs\MiKTeX 2.9\tex/generic/iftex\ifpdf.sty"
Package: ifpdf 2019/10/25 v3.4 ifpdf legacy package. Use iftex instead.
)
Package pdftexcmds Info: LuaTeX not detected.
Package pdftexcmds Info: \pdf@primitive is available.
Package pdftexcmds Info: \pdf@ifprimitive is available.
Package pdftexcmds Info: \pdfdraftmode found.
)
("C:\Users\user\AppData\Local\Programs\MiKTeX 2.9\tex/generic/oberdiek\kvsetkey
s.sty"
Package: kvsetkeys 2016/05/16 v1.17 Key value parser (HO)

("C:\Users\user\AppData\Local\Programs\MiKTeX 2.9\tex/generic/oberdiek\etexcmds
.sty"
Package: etexcmds 2016/05/16 v1.6 Avoid name clashes with e-TeX commands (HO)
))
("C:\Users\user\AppData\Local\Programs\MiKTeX 2.9\tex/generic/oberdiek\kvdefine
keys.sty"
Package: kvdefinekeys 2016/05/16 v1.4 Define keys (HO)
)
("C:\Users\user\AppData\Local\Programs\MiKTeX 2.9\tex/generic/oberdiek\pdfescap
e.sty"
Package: pdfescape 2016/05/16 v1.14 Implements pdfTeX's escape features (HO)
)
("C:\Users\user\AppData\Local\Programs\MiKTeX 2.9\tex/latex/oberdiek\hycolor.st
y"
Package: hycolor 2016/05/16 v1.8 Color options for hyperref/bookmark (HO)

("C:\Users\user\AppData\Local\Programs\MiKTeX 2.9\tex/latex/oberdiek\xcolor-pat
ch.sty"
Package: xcolor-patch 2016/05/16 xcolor patch

("C:\Users\user\AppData\Local\Programs\MiKTeX 2.9\tex/latex/oberdiek\hopatch.st
y"
Package: hopatch 2016/05/16 v1.3 Wrapper for package hooks (HO)
)))
("C:\Users\user\AppData\Local\Programs\MiKTeX 2.9\tex/latex/oberdiek\letltxmacr
o.sty"
Package: letltxmacro 2016/05/16 v1.5 Let assignment for LaTeX macros (HO)
)
("C:\Users\user\AppData\Local\Programs\MiKTeX 2.9\tex/latex/oberdiek\auxhook.st
y"
Package: auxhook 2016/05/16 v1.4 Hooks for auxiliary files (HO)
)
("C:\Users\user\AppData\Local\Programs\MiKTeX 2.9\tex/latex/oberdiek\kvoptions.
sty"
Package: kvoptions 2016/05/16 v3.12 Key value format for package options (HO)
)
\@linkdim=\dimen129
\Hy@linkcounter=\count122
\Hy@pagecounter=\count123

("C:\Users\user\AppData\Local\Programs\MiKTeX 2.9\tex/latex/hyperref\pd1enc.def
"
File: pd1enc.def 2019/11/10 v7.00c Hyperref: PDFDocEncoding definition (HO)
Now handling font encoding PD1 ...
... no UTF-8 mapping file for font encoding PD1
)
("C:\Users\user\AppData\Local\Programs\MiKTeX 2.9\tex/generic/oberdiek\intcalc.
sty"
Package: intcalc 2016/05/16 v1.2 Expandable calculations with integers (HO)
)
\Hy@SavedSpaceFactor=\count124

("C:\Users\user\AppData\Local\Programs\MiKTeX 2.9\tex/latex/00miktex\hyperref.c
fg"
File: hyperref.cfg 2002/06/06 v1.2 hyperref configuration of TeXLive
)
Package hyperref Info: Hyper figures OFF on input line 4535.
Package hyperref Info: Link nesting OFF on input line 4540.
Package hyperref Info: Hyper index ON on input line 4543.
Package hyperref Info: Plain pages OFF on input line 4550.
Package hyperref Info: Backreferencing OFF on input line 4555.
Package hyperref Info: Implicit mode ON; LaTeX internals redefined.
Package hyperref Info: Bookmarks ON on input line 4788.
\c@Hy@tempcnt=\count125
 ("C:\Users\user\AppData\Local\Programs\MiKTeX 2.9\tex/latex/url\url.sty"
\Urlmuskip=\muskip10
Package: url 2013/09/16  ver 3.4  Verb mode for urls, etc.
)
LaTeX Info: Redefining \url on input line 5147.
\XeTeXLinkMargin=\dimen130

("C:\Users\user\AppData\Local\Programs\MiKTeX 2.9\tex/generic/oberdiek\bitset.s
ty"
Package: bitset 2016/05/16 v1.2 Handle bit-vector datatype (HO)

("C:\Users\user\AppData\Local\Programs\MiKTeX 2.9\tex/generic/oberdiek\bigintca
lc.sty"
Package: bigintcalc 2016/05/16 v1.4 Expandable calculations on big integers (HO
)
))
\Fld@menulength=\count126
\Field@Width=\dimen131
\Fld@charsize=\dimen132
Package hyperref Info: Hyper figures OFF on input line 6418.
Package hyperref Info: Link nesting OFF on input line 6423.
Package hyperref Info: Hyper index ON on input line 6426.
Package hyperref Info: backreferencing OFF on input line 6433.
Package hyperref Info: Link coloring OFF on input line 6438.
Package hyperref Info: Link coloring with OCG OFF on input line 6443.
Package hyperref Info: PDF/A mode OFF on input line 6448.
LaTeX Info: Redefining \ref on input line 6488.
LaTeX Info: Redefining \pageref on input line 6492.

("C:\Users\user\AppData\Local\Programs\MiKTeX 2.9\tex/generic/oberdiek\atbegshi
.sty"
Package: atbegshi 2016/06/09 v1.18 At begin shipout hook (HO)
)
\Hy@abspage=\count127
\c@Item=\count128
\c@Hfootnote=\count129
)
Package hyperref Info: Driver (autodetected): hpdftex.

("C:\Users\user\AppData\Local\Programs\MiKTeX 2.9\tex/latex/hyperref\hpdftex.de
f"
File: hpdftex.def 2019/11/10 v7.00c Hyperref driver for pdfTeX

("C:\Users\user\AppData\Local\Programs\MiKTeX 2.9\tex/latex/oberdiek\atveryend.
sty"
Package: atveryend 2016/05/16 v1.9 Hooks at the very end of document (HO)
)
\Fld@listcount=\count130
\c@bookmark@seq@number=\count131

("C:\Users\user\AppData\Local\Programs\MiKTeX 2.9\tex/latex/oberdiek\rerunfilec
heck.sty"
Package: rerunfilecheck 2016/05/16 v1.8 Rerun checks for auxiliary files (HO)

("C:\Users\user\AppData\Local\Programs\MiKTeX 2.9\tex/generic/oberdiek\uniqueco
unter.sty"
Package: uniquecounter 2016/05/16 v1.3 Provide unlimited unique counter (HO)
)
Package uniquecounter Info: New unique counter `rerunfilecheck' on input line 2
82.
)
\Hy@SectionHShift=\skip44
) (LaTeX1.aux

LaTeX Warning: Label `sec-production' multiply defined.

)
\openout1 = `LaTeX1.aux'.

LaTeX Font Info:    Checking defaults for OML/cmm/m/it on input line 216.
LaTeX Font Info:    ... okay on input line 216.
LaTeX Font Info:    Checking defaults for T1/cmr/m/n on input line 216.
LaTeX Font Info:    ... okay on input line 216.
LaTeX Font Info:    Checking defaults for OT1/cmr/m/n on input line 216.
LaTeX Font Info:    ... okay on input line 216.
LaTeX Font Info:    Checking defaults for OMS/cmsy/m/n on input line 216.
LaTeX Font Info:    ... okay on input line 216.
LaTeX Font Info:    Checking defaults for OMX/cmex/m/n on input line 216.
LaTeX Font Info:    ... okay on input line 216.
LaTeX Font Info:    Checking defaults for U/cmr/m/n on input line 216.
LaTeX Font Info:    ... okay on input line 216.
LaTeX Font Info:    Checking defaults for PD1/pdf/m/n on input line 216.
LaTeX Font Info:    ... okay on input line 216.

-- Lines per column: 58 (exact).

("C:\Users\user\AppData\Local\Programs\MiKTeX 2.9\tex/latex/fmtcount\fc-english
.def"
File: fc-english.def 2016/01/12
)
("C:\Users\user\AppData\Local\Programs\MiKTeX 2.9\tex/context/base/mkii\supp-pd
f.mkii"
[Loading MPS to PDF converter (version 2006.09.02).]
\scratchcounter=\count132
\scratchdimen=\dimen133
\scratchbox=\box29
\nofMPsegments=\count133
\nofMParguments=\count134
\everyMPshowfont=\toks20
\MPscratchCnt=\count135
\MPscratchDim=\dimen134
\MPnumerator=\count136
\makeMPintoPDFobject=\count137
\everyMPtoPDFconversion=\toks21
)
("C:\Users\user\AppData\Local\Programs\MiKTeX 2.9\tex/latex/oberdiek\epstopdf-b
ase.sty"
Package: epstopdf-base 2016/05/15 v2.6 Base part for package epstopdf

("C:\Users\user\AppData\Local\Programs\MiKTeX 2.9\tex/latex/oberdiek\grfext.sty
"
Package: grfext 2016/05/16 v1.2 Manage graphics extensions (HO)
)
Package epstopdf-base Info: Redefining graphics rule for `.eps' on input line 4
38.
Package grfext Info: Graphics extension search list:
(grfext)             [.pdf,.png,.jpg,.mps,.jpeg,.jbig2,.jb2,.PDF,.PNG,.JPG,.JPE
G,.JBIG2,.JB2,.eps]
(grfext)             \AppendGraphicsExtensions on input line 456.
)
\AtBeginShipoutBox=\box30
Package hyperref Info: Link coloring OFF on input line 216.

("C:\Users\user\AppData\Local\Programs\MiKTeX 2.9\tex/latex/hyperref\nameref.st
y"
Package: nameref 2019/09/16 v2.46 Cross-referencing by name of section

("C:\Users\user\AppData\Local\Programs\MiKTeX 2.9\tex/latex/oberdiek\refcount.s
ty"
Package: refcount 2016/05/16 v3.5 Data extraction from label references (HO)
)
("C:\Users\user\AppData\Local\Programs\MiKTeX 2.9\tex/generic/oberdiek\gettitle
string.sty"
Package: gettitlestring 2016/05/16 v1.5 Cleanup title references (HO)
)
\c@section@level=\count138
)
LaTeX Info: Redefining \ref on input line 216.
LaTeX Info: Redefining \pageref on input line 216.
LaTeX Info: Redefining \nameref on input line 216.
 (LaTeX1.out) (LaTeX1.out)
\@outlinefile=\write3
\openout3 = `LaTeX1.out'.

LaTeX Font Info:    Trying to load font information for OT1+phv on input line 2
75.

("C:\Users\user\AppData\Local\Programs\MiKTeX 2.9\tex/latex/psnfss\ot1phv.fd"
File: ot1phv.fd 2001/06/04 scalable font definitions for OT1/phv.
)
LaTeX Font Info:    Font shape `OT1/ptm/bx/n' in size <14.05249> not available
(Font)              Font shape `OT1/ptm/b/n' tried instead on input line 275.
LaTeX Font Info:    Calculating math sizes for size <9.03374> on input line 275
.
LaTeX Font Info:    External font `cmex10' loaded for size
(Font)              <9.03374> on input line 275.
LaTeX Font Info:    External font `cmex10' loaded for size
(Font)              <6.32358> on input line 275.
LaTeX Font Info:    External font `cmex10' loaded for size
(Font)              <4.51686> on input line 275.
LaTeX Font Info:    Font shape `OT1/ptm/bx/n' in size <6.32358> not available
(Font)              Font shape `OT1/ptm/b/n' tried instead on input line 275.

Underfull \hbox (badness 10000) in paragraph at lines 296--306

 []


Underfull \hbox (badness 1484) in paragraph at lines 296--306
\OT1/ptm/m/n/10.03749 So, a lot of new stu-dents who started to study the
 []


Underfull \hbox (badness 10000) in paragraph at lines 296--306

 []


Underfull \hbox (badness 4686) in paragraph at lines 321--330
 \OT1/ptm/b/n/10.03749 2.1.2. Tech-ni-cal do-mains. [][][] Soft-ware En-gi-neer
-ing \OT1/ptm/m/n/10.03749 is
 []


Underfull \hbox (badness 1609) in paragraph at lines 321--330
\OT1/ptm/m/n/10.03749 have to be con-sid-er-ate as bud-get, time con-straint or

 []


Underfull \hbox (badness 10000) in paragraph at lines 321--330

 []

[1{C:/Users/user/AppData/Local/MiKTeX/2.9/pdftex/config/pdftex.map}


]
LaTeX Font Info:    Calculating math sizes for size <10.03749> on input line 38
5.
LaTeX Font Info:    External font `cmex10' loaded for size
(Font)              <10.03749> on input line 385.
LaTeX Font Info:    External font `cmex10' loaded for size
(Font)              <7.0262> on input line 385.
LaTeX Font Info:    External font `cmex10' loaded for size
(Font)              <5.01874> on input line 385.

Underfull \hbox (badness 10000) in paragraph at lines 385--387

 []

[2]
Underfull \hbox (badness 1571) in paragraph at lines 388--390
\OT1/ptm/m/n/10.03749 proof and iden-tify if a pro-gram is cor-rect in
 []


Underfull \hbox (badness 10000) in paragraph at lines 388--390

 []


Underfull \hbox (badness 7133) in paragraph at lines 391--393
\OT1/ptm/m/n/10.03749 a ra-tio-nal, sys-tem-atic se-ries of steps based
 []


Underfull \hbox (badness 2020) in paragraph at lines 391--393
\OT1/ptm/m/n/10.03749 on math-e-mat-i-cal prin-ci-ples for ar-riv-ing to the
 []


Underfull \hbox (badness 10000) in paragraph at lines 391--393

 []


Underfull \hbox (badness 10000) in paragraph at lines 394--396

 []


Underfull \hbox (badness 1688) in paragraph at lines 402--404
\OT1/ptm/m/n/10.03749 is cor-rect from the ap-pli-ca-tion point of view.
 []


Underfull \hbox (badness 10000) in paragraph at lines 402--404

 []


Underfull \hbox (badness 10000) in paragraph at lines 408--410

 []


Underfull \hbox (badness 10000) in paragraph at lines 408--410

 []


Underfull \hbox (badness 10000) in paragraph at lines 412--416

 []


Underfull \hbox (badness 10000) in paragraph at lines 412--416

 []


Underfull \hbox (badness 10000) in paragraph at lines 423--427

 []


Underfull \hbox (badness 10000) in paragraph at lines 423--427

 []


Underfull \hbox (badness 10000) in paragraph at lines 438--442

 []


Underfull \hbox (badness 10000) in paragraph at lines 438--442

 []

[3]
Underfull \hbox (badness 10000) in paragraph at lines 454--458

 []


Underfull \hbox (badness 10000) in paragraph at lines 454--458

 []


Underfull \hbox (badness 10000) in paragraph at lines 461--465

 []

<Proof1-Part1.png, id=205, 490.83376pt x 95.1555pt>
File: Proof1-Part1.png Graphic file (type png)
<use Proof1-Part1.png>
Package pdftex.def Info: Proof1-Part1.png  used on input line 484.
(pdftex.def)             Requested size: 245.41628pt x 47.57762pt.

Overfull \hbox (1.50502pt too wide) in paragraph at lines 484--485
 [] 
 []

<Proof1-Part2.png, id=207, 359.54324pt x 33.12375pt>
File: Proof1-Part2.png Graphic file (type png)
<use Proof1-Part2.png>
Package pdftex.def Info: Proof1-Part2.png  used on input line 493.
(pdftex.def)             Requested size: 179.77118pt x 16.56183pt.
<Proof1-Part3.png, id=208, 412.54124pt x 98.16675pt>
File: Proof1-Part3.png Graphic file (type png)
<use Proof1-Part3.png>
Package pdftex.def Info: Proof1-Part3.png  used on input line 502.
(pdftex.def)             Requested size: 206.27011pt x 49.08325pt.
<Proof1-Part4.png, id=209, 266.1945pt x 66.2475pt>
File: Proof1-Part4.png Graphic file (type png)
<use Proof1-Part4.png>
Package pdftex.def Info: Proof1-Part4.png  used on input line 511.
(pdftex.def)             Requested size: 133.09692pt x 33.12366pt.
<Proof1-Part5.png, id=210, 522.753pt x 130.68825pt>
File: Proof1-Part5.png Graphic file (type png)
<use Proof1-Part5.png>
Package pdftex.def Info: Proof1-Part5.png  used on input line 520.
(pdftex.def)             Requested size: 261.37585pt x 65.34395pt.

Overfull \hbox (17.4646pt too wide) in paragraph at lines 520--521
 [] 
 []

[4 <./Proof1-Part1.png> <./Proof1-Part2.png> <./Proof1-Part3.png> <./Proof1-Par
t4.png>]
<Proof1-Part6.png, id=223, 392.06474pt x 98.769pt>
File: Proof1-Part6.png Graphic file (type png)
<use Proof1-Part6.png>
Package pdftex.def Info: Proof1-Part6.png  used on input line 530.
(pdftex.def)             Requested size: 196.03189pt x 49.38437pt.

Underfull \hbox (badness 10000) in paragraph at lines 536--539

 []

<Proof2-Part1.png, id=224, 517.935pt x 239.6955pt>
File: Proof2-Part1.png Graphic file (type png)
<use Proof2-Part1.png>
Package pdftex.def Info: Proof2-Part1.png  used on input line 540.
(pdftex.def)             Requested size: 207.17032pt x 95.8765pt.

Underfull \hbox (badness 1629) in paragraph at lines 543--544
\OT1/ptm/m/n/10.03749 eval-u-at-ing the in-puts and out-puts of a test with re-

 []


Underfull \hbox (badness 10000) in paragraph at lines 545--548

 []


Underfull \hbox (badness 10000) in paragraph at lines 545--548

 []


Underfull \hbox (badness 10000) in paragraph at lines 545--548

 []


Underfull \hbox (badness 10000) in paragraph at lines 545--548

 []


Underfull \hbox (badness 10000) in paragraph at lines 545--548

 []


Underfull \hbox (badness 10000) in paragraph at lines 545--548

 []

<Proof2-Part2.png, id=225, 452.892pt x 103.587pt>
File: Proof2-Part2.png Graphic file (type png)
<use Proof2-Part2.png>
Package pdftex.def Info: Proof2-Part2.png  used on input line 549.
(pdftex.def)             Requested size: 226.44543pt x 51.79337pt.
<Proof2-Part3.png, id=226, 679.338pt x 264.38776pt>
File: Proof2-Part3.png Graphic file (type png)
<use Proof2-Part3.png>
Package pdftex.def Info: Proof2-Part3.png  used on input line 558.
(pdftex.def)             Requested size: 271.73038pt x 105.75322pt.

Overfull \hbox (27.81912pt too wide) in paragraph at lines 558--559
 [] 
 []

[5 <./Proof1-Part5.png> <./Proof1-Part6.png> <./Proof2-Part1.png> <./Proof2-Par
t2.png> <./Proof2-Part3.png>]
<Proof2-Part4.png, id=237, 510.10574pt x 74.07675pt>
File: Proof2-Part4.png Graphic file (type png)
<use Proof2-Part4.png>
Package pdftex.def Info: Proof2-Part4.png  used on input line 572.
(pdftex.def)             Requested size: 255.05225pt x 37.03828pt.

Overfull \hbox (11.14099pt too wide) in paragraph at lines 572--573
 [] 
 []

<Proof2-Part5.png, id=238, 417.35925pt x 65.043pt>
File: Proof2-Part5.png Graphic file (type png)
<use Proof2-Part5.png>
Package pdftex.def Info: Proof2-Part5.png  used on input line 581.
(pdftex.def)             Requested size: 208.67911pt x 32.52141pt.
<Proof2-Part6.png, id=239, 406.51875pt x 39.7485pt>
File: Proof2-Part6.png Graphic file (type png)
<use Proof2-Part6.png>
Package pdftex.def Info: Proof2-Part6.png  used on input line 590.
(pdftex.def)             Requested size: 203.25887pt x 19.87419pt.
[6 <./Proof2-Part4.png> <./Proof2-Part5.png> <./Proof2-Part6.png>]
Underfull \hbox (badness 10000) in paragraph at lines 645--649

 []


Underfull \hbox (badness 10000) in paragraph at lines 645--649

 []


Underfull \hbox (badness 10000) in paragraph at lines 657--661

 []


Underfull \hbox (badness 10000) in paragraph at lines 657--661

 []


Underfull \hbox (badness 10000) in paragraph at lines 663--665

 []


Underfull \hbox (badness 10000) in paragraph at lines 670--674

 []


Underfull \hbox (badness 10000) in paragraph at lines 670--674

 []


Underfull \hbox (badness 10000) in paragraph at lines 675--677

 []


Underfull \hbox (badness 3000) in paragraph at lines 679--681
\OT1/ptm/m/n/10.03749 Python and the com-pat-i-bil-ity be-tween Django
 []


Underfull \hbox (badness 10000) in paragraph at lines 679--681

 []


Underfull \hbox (badness 10000) in paragraph at lines 682--684

 []


Underfull \hbox (badness 10000) in paragraph at lines 685--687

 []

[7]
Underfull \hbox (badness 10000) in paragraph at lines 691--695

 []


Underfull \hbox (badness 10000) in paragraph at lines 691--695

 []


Underfull \hbox (badness 1552) in paragraph at lines 697--699
\OT1/ptm/m/n/10.03749 main-tain-able af-ter the end of the project. For
 []


Underfull \hbox (badness 10000) in paragraph at lines 697--699

 []


Underfull \hbox (badness 2671) in paragraph at lines 700--702
[]\OT1/ptm/m/n/10.03749 NFR2: Op-er-a-tional-ity. The web-sever must be
 []


Underfull \hbox (badness 10000) in paragraph at lines 700--702

 []


Underfull \hbox (badness 10000) in paragraph at lines 718--723

 []


Underfull \hbox (badness 10000) in paragraph at lines 724--728

 []


Underfull \hbox (badness 10000) in paragraph at lines 724--728

 []


Underfull \hbox (badness 10000) in paragraph at lines 731--738

 []


Underfull \hbox (badness 10000) in paragraph at lines 731--738

 []


Underfull \hbox (badness 4024) in paragraph at lines 731--738
\OT1/ptm/m/n/10.03749 This mod-ule is used for cre-ation of database and
 []


Underfull \hbox (badness 10000) in paragraph at lines 739--744

 []


Underfull \hbox (badness 10000) in paragraph at lines 739--744

 []

[8]
Underfull \hbox (badness 10000) in paragraph at lines 745--750

 []


Underfull \hbox (badness 10000) in paragraph at lines 745--750

 []


Underfull \hbox (badness 10000) in paragraph at lines 751--756

 []


Underfull \hbox (badness 10000) in paragraph at lines 751--756

 []


Underfull \hbox (badness 2142) in paragraph at lines 751--756
\OT1/ptm/m/n/10.03749 This mod-ule is one of the most im-por-tant mod-ules
 []


Underfull \hbox (badness 10000) in paragraph at lines 763--774

 []


Underfull \hbox (badness 10000) in paragraph at lines 763--774

 []


Underfull \hbox (badness 10000) in paragraph at lines 775--780

 []


Underfull \hbox (badness 10000) in paragraph at lines 775--780

 []


Underfull \hbox (badness 2334) in paragraph at lines 775--780
\OT1/ptm/m/n/10.03749 pro-vides three types of in-for-ma-tion. The first is an
 []


Underfull \hbox (badness 10000) in paragraph at lines 781--787

 []


Underfull \hbox (badness 10000) in paragraph at lines 781--787

 []


Underfull \hbox (badness 10000) in paragraph at lines 788--793

 []


Underfull \hbox (badness 10000) in paragraph at lines 788--793

 []


Underfull \hbox (badness 10000) in paragraph at lines 797--804

 []


Underfull \hbox (badness 10000) in paragraph at lines 797--804

 []


Underfull \hbox (badness 2990) in paragraph at lines 797--804
\OT1/ptm/m/n/10.03749 This mod-ule is used for the database cre-ation and
 []

[9]
Underfull \hbox (badness 10000) in paragraph at lines 805--810

 []


Underfull \hbox (badness 10000) in paragraph at lines 805--810

 []


Underfull \hbox (badness 10000) in paragraph at lines 811--820

 []


Underfull \hbox (badness 10000) in paragraph at lines 811--820

 []


Underfull \hbox (badness 10000) in paragraph at lines 821--826

 []


Underfull \hbox (badness 10000) in paragraph at lines 821--826

 []


Underfull \hbox (badness 2035) in paragraph at lines 821--826
\OT1/ptm/m/n/10.03749 This mod-ule is the last mod-ule be-fore dis-play-ing a
 []


Underfull \hbox (badness 10000) in paragraph at lines 827--832

 []


Underfull \hbox (badness 10000) in paragraph at lines 827--832

 []

[10]
Underfull \hbox (badness 10000) in paragraph at lines 848--859

 []


Underfull \hbox (badness 10000) in paragraph at lines 848--859

 []


Underfull \hbox (badness 2384) in paragraph at lines 848--859
\OT1/ptm/m/n/10.03749 The third func-tional re-quire-ment is par-tially sat-is-
fied
 []


Underfull \hbox (badness 3138) in paragraph at lines 848--859
\OT1/ptm/m/n/10.03749 The fourth func-tional re-quire-ment is sat-is-fied. Some

 []


Underfull \hbox (badness 10000) in paragraph at lines 860--867

 []


Underfull \hbox (badness 10000) in paragraph at lines 860--867

 []


Underfull \hbox (badness 2119) in paragraph at lines 995--998
[] \OT1/ptm/m/n/8.03 BiCS Bach-e-lor Semester Project Re-port Tem-plate.
 []

[11]

** Conference Paper **
Before submitting the final camera ready copy, remember to:

 1. Manually equalize the lengths of two columns on the last page
 of your paper;

 2. Ensure that any PostScript and/or PDF output post-processing
 uses only Type 1 fonts and that every step in the generation
 process uses the appropriate paper size.

Package atveryend Info: Empty hook `BeforeClearDocument' on input line 1005.
[12

]
Package atveryend Info: Empty hook `AfterLastShipout' on input line 1005.
 (LaTeX1.aux)
Package atveryend Info: Executing hook `AtVeryEndDocument' on input line 1005.
Package atveryend Info: Executing hook `AtEndAfterFileList' on input line 1005.

Package rerunfilecheck Info: File `LaTeX1.out' has not changed.
(rerunfilecheck)             Checksum: CC04EC0E2694BD7137527849C0AB8592;3277.


LaTeX Warning: There were multiply-defined labels.

 ) 
Here is how much of TeX's memory you used:
 7485 strings out of 492450
 119283 string characters out of 3120471
 231104 words of memory out of 3000000
 11651 multiletter control sequences out of 15000+200000
 40792 words of font info for 75 fonts, out of 3000000 for 9000
 1144 hyphenation exceptions out of 8191
 39i,7n,39p,991b,388s stack positions out of 5000i,500n,10000p,200000b,50000s
{C:/Users/user/AppData/Local/Programs/MiKTeX 2.9/fonts/enc/dvips/base/8r.enc}
<C:/Users/user/AppData/Local/Programs/MiKTeX 2.9/fonts/type1/public/amsfonts/cm
/cmmi10.pfb><C:/Users/user/AppData/Local/Programs/MiKTeX 2.9/fonts/type1/public
/amsfonts/cm/cmmi5.pfb><C:/Users/user/AppData/Local/Programs/MiKTeX 2.9/fonts/t
ype1/public/amsfonts/cm/cmmi7.pfb><C:/Users/user/AppData/Local/Programs/MiKTeX 
2.9/fonts/type1/public/amsfonts/cm/cmr10.pfb><C:/Users/user/AppData/Local/Progr
ams/MiKTeX 2.9/fonts/type1/public/amsfonts/cm/cmsy10.pfb><C:/Users/user/AppData
/Local/Programs/MiKTeX 2.9/fonts/type1/public/amsfonts/cm/cmsy7.pfb><C:/Users/u
ser/AppData/Local/Programs/MiKTeX 2.9/fonts/type1/urw/times/utmb8a.pfb><C:/User
s/user/AppData/Local/Programs/MiKTeX 2.9/fonts/type1/urw/times/utmbi8a.pfb><C:/
Users/user/AppData/Local/Programs/MiKTeX 2.9/fonts/type1/urw/times/utmr8a.pfb><
C:/Users/user/AppData/Local/Programs/MiKTeX 2.9/fonts/type1/urw/times/utmri8a.p
fb>
Output written on LaTeX1.pdf (12 pages, 329614 bytes).
PDF statistics:
 323 PDF objects out of 1000 (max. 8388607)
 61 named destinations out of 1000 (max. 500000)
 429 words of extra memory for PDF output out of 10000 (max. 10000000)

