\BOOKMARK [1][-]{section.1}{Introduction}{}% 1
\BOOKMARK [1][-]{section.2}{Project description}{}% 2
\BOOKMARK [2][-]{subsection.2.1}{Domains}{section.2}% 3
\BOOKMARK [3][-]{subsubsection.2.1.1}{Scientific domain}{subsection.2.1}% 4
\BOOKMARK [3][-]{subsubsection.2.1.2}{Technical domains}{subsection.2.1}% 5
\BOOKMARK [2][-]{subsection.2.2}{Targeted Deliverables}{section.2}% 6
\BOOKMARK [3][-]{subsubsection.2.2.1}{Scientific deliverables}{subsection.2.2}% 7
\BOOKMARK [3][-]{subsubsection.2.2.2}{Technical deliverables}{subsection.2.2}% 8
\BOOKMARK [1][-]{section.3}{Pre-requisites}{}% 9
\BOOKMARK [2][-]{subsection.3.1}{Scientific pre-requisites}{section.3}% 10
\BOOKMARK [3][-]{subsubsection.3.1.1}{Proof}{subsection.3.1}% 11
\BOOKMARK [3][-]{subsubsection.3.1.2}{Natural deduction}{subsection.3.1}% 12
\BOOKMARK [3][-]{subsubsection.3.1.3}{Unit testing}{subsection.3.1}% 13
\BOOKMARK [2][-]{subsection.3.2}{Technical pre-requisites}{section.3}% 14
\BOOKMARK [3][-]{subsubsection.3.2.1}{Python[9]}{subsection.3.2}% 15
\BOOKMARK [1][-]{section.4}{Project scientific deliverables}{}% 16
\BOOKMARK [2][-]{subsection.4.1}{Requirements}{section.4}% 17
\BOOKMARK [3][-]{subsubsection.4.1.1}{Requirements for demonstrations}{subsection.4.1}% 18
\BOOKMARK [3][-]{subsubsection.4.1.2}{Requirements for explanation on how the demonstrations can be applied}{subsection.4.1}% 19
\BOOKMARK [2][-]{subsection.4.2}{Design}{section.4}% 20
\BOOKMARK [3][-]{subsubsection.4.2.1}{What is correctness of a program}{subsection.4.2}% 21
\BOOKMARK [3][-]{subsubsection.4.2.2}{Useful notations and explanations}{subsection.4.2}% 22
\BOOKMARK [2][-]{subsection.4.3}{Production }{section.4}% 23
\BOOKMARK [3][-]{subsubsection.4.3.1}{First demonstration}{subsection.4.3}% 24
\BOOKMARK [3][-]{subsubsection.4.3.2}{Second demonstration}{subsection.4.3}% 25
\BOOKMARK [3][-]{subsubsection.4.3.3}{How the demonstrations can be applied to check the correctness of a program}{subsection.4.3}% 26
\BOOKMARK [2][-]{subsection.4.4}{Assessment}{section.4}% 27
\BOOKMARK [3][-]{subsubsection.4.4.1}{Evaluation of demonstrations}{subsection.4.4}% 28
\BOOKMARK [3][-]{subsubsection.4.4.2}{Explanation on how the demonstrations can be use on Jobs Observer}{subsection.4.4}% 29
\BOOKMARK [1][-]{section.5}{Project technical deliverables}{}% 30
\BOOKMARK [2][-]{subsection.5.1}{Requirements}{section.5}% 31
\BOOKMARK [3][-]{subsubsection.5.1.1}{Front-end}{subsection.5.1}% 32
\BOOKMARK [3][-]{subsubsection.5.1.2}{Back-end}{subsection.5.1}% 33
\BOOKMARK [2][-]{subsection.5.2}{Design}{section.5}% 34
\BOOKMARK [3][-]{subsubsection.5.2.1}{Project creation}{subsection.5.2}% 35
\BOOKMARK [3][-]{subsubsection.5.2.2}{Graphical User Interface}{subsection.5.2}% 36
\BOOKMARK [3][-]{subsubsection.5.2.3}{Django structure}{subsection.5.2}% 37
\BOOKMARK [2][-]{subsection.5.3}{Production}{section.5}% 38
\BOOKMARK [3][-]{subsubsection.5.3.1}{Front-end deliverable}{subsection.5.3}% 39
\BOOKMARK [3][-]{subsubsection.5.3.2}{Back-end deliverable}{subsection.5.3}% 40
\BOOKMARK [2][-]{subsection.5.4}{Assessment}{section.5}% 41
\BOOKMARK [3][-]{subsubsection.5.4.1}{Front-end deliverable}{subsection.5.4}% 42
\BOOKMARK [3][-]{subsubsection.5.4.2}{Back-end deliverable}{subsection.5.4}% 43
\BOOKMARK [1][-]{section.6}{Conclusion}{}% 44
\BOOKMARK [1][-]{section*.2}{References}{}% 45
\BOOKMARK [1][-]{section.7}{Appendix}{}% 46
